<?xml version="1.0" encoding="UTF-8"?>
<!-- Generated by org.testng.reporters.JUnitReportReporter -->
<testsuite hostname="ranto-HP-Laptop-14-cm0xxx" failures="0" tests="11" name="com.siloam.RunnerFiles" time="0.296" errors="0" timestamp="2022-08-04T21:57:29 WIB" skipped="11">
  <testcase classname="com.siloam.RunnerFiles" name="runScenario" time="0.013">
    <skipped/>
  </testcase> <!-- runScenario -->
  <system-out/>
  <testcase classname="com.siloam.RunnerFiles" name="runScenario" time="0.158">
    <skipped/>
  </testcase> <!-- runScenario -->
  <system-out/>
  <testcase classname="com.siloam.RunnerFiles" name="runScenario" time="0.015">
    <skipped/>
  </testcase> <!-- runScenario -->
  <system-out/>
  <testcase classname="com.siloam.RunnerFiles" name="runScenario" time="0.010">
    <skipped/>
  </testcase> <!-- runScenario -->
  <system-out/>
  <testcase classname="com.siloam.RunnerFiles" name="runScenario" time="0.016">
    <skipped/>
  </testcase> <!-- runScenario -->
  <system-out/>
  <testcase classname="com.siloam.RunnerFiles" name="runScenario" time="0.014">
    <skipped/>
  </testcase> <!-- runScenario -->
  <system-out/>
  <testcase classname="com.siloam.RunnerFiles" name="runScenario" time="0.015">
    <skipped/>
  </testcase> <!-- runScenario -->
  <system-out/>
  <testcase classname="com.siloam.RunnerFiles" name="runScenario" time="0.012">
    <skipped/>
  </testcase> <!-- runScenario -->
  <system-out/>
  <testcase classname="com.siloam.RunnerFiles" name="runScenario" time="0.014">
    <skipped/>
  </testcase> <!-- runScenario -->
  <system-out/>
  <testcase classname="com.siloam.RunnerFiles" name="runScenario" time="0.016">
    <skipped/>
  </testcase> <!-- runScenario -->
  <system-out/>
  <testcase classname="com.siloam.RunnerFiles" name="runScenario" time="0.013">
    <skipped/>
  </testcase> <!-- runScenario -->
  <system-out/>
</testsuite> <!-- com.siloam.RunnerFiles -->
