<?xml version="1.0" encoding="UTF-8"?>
<!-- Generated by org.testng.reporters.JUnitReportReporter -->
<testsuite hostname="ranto-HP-Laptop-14-cm0xxx" failures="0" tests="1" name="runners.RunnerFiles" time="12.566" errors="0" timestamp="2022-08-09T21:45:24 WIB" skipped="0">
  <testcase classname="runners.RunnerFiles" name="runScenario" time="12.566"/>
  <system-out/>
</testsuite> <!-- runners.RunnerFiles -->
