<?xml version="1.0" encoding="UTF-8"?>
<!-- Generated by org.testng.reporters.JUnitReportReporter -->
<testsuite hostname="LAPTOP-BUM46IKV" failures="0" tests="14" name="com.siloam.runner.RunnerFiles" time="0.289" errors="0" timestamp="2022-08-11T20:38:37 WIB" skipped="14">
  <testcase classname="com.siloam.runner.RunnerFiles" name="runScenario" time="0.015">
    <skipped/>
  </testcase> <!-- runScenario -->
  <system-out/>
  <testcase classname="com.siloam.runner.RunnerFiles" name="runScenario" time="0.008">
    <skipped/>
  </testcase> <!-- runScenario -->
  <system-out/>
  <testcase classname="com.siloam.runner.RunnerFiles" name="runScenario" time="0.008">
    <skipped/>
  </testcase> <!-- runScenario -->
  <system-out/>
  <testcase classname="com.siloam.runner.RunnerFiles" name="runScenario" time="0.006">
    <skipped/>
  </testcase> <!-- runScenario -->
  <system-out/>
  <testcase classname="com.siloam.runner.RunnerFiles" name="runScenario" time="0.006">
    <skipped/>
  </testcase> <!-- runScenario -->
  <system-out/>
  <testcase classname="com.siloam.runner.RunnerFiles" name="runScenario" time="0.187">
    <skipped/>
  </testcase> <!-- runScenario -->
  <system-out/>
  <testcase classname="com.siloam.runner.RunnerFiles" name="runScenario" time="0.010">
    <skipped/>
  </testcase> <!-- runScenario -->
  <system-out/>
  <testcase classname="com.siloam.runner.RunnerFiles" name="runScenario" time="0.006">
    <skipped/>
  </testcase> <!-- runScenario -->
  <system-out/>
  <testcase classname="com.siloam.runner.RunnerFiles" name="runScenario" time="0.009">
    <skipped/>
  </testcase> <!-- runScenario -->
  <system-out/>
  <testcase classname="com.siloam.runner.RunnerFiles" name="runScenario" time="0.005">
    <skipped/>
  </testcase> <!-- runScenario -->
  <system-out/>
  <testcase classname="com.siloam.runner.RunnerFiles" name="runScenario" time="0.011">
    <skipped/>
  </testcase> <!-- runScenario -->
  <system-out/>
  <testcase classname="com.siloam.runner.RunnerFiles" name="runScenario" time="0.006">
    <skipped/>
  </testcase> <!-- runScenario -->
  <system-out/>
  <testcase classname="com.siloam.runner.RunnerFiles" name="runScenario" time="0.007">
    <skipped/>
  </testcase> <!-- runScenario -->
  <system-out/>
  <testcase classname="com.siloam.runner.RunnerFiles" name="runScenario" time="0.005">
    <skipped/>
  </testcase> <!-- runScenario -->
  <system-out/>
</testsuite> <!-- com.siloam.runner.RunnerFiles -->
