<?xml version="1.0" encoding="UTF-8"?>
<!-- Generated by org.testng.reporters.JUnitReportReporter -->
<testsuite hostname="ranto-HP-Laptop-14-cm0xxx" failures="0" tests="1" name="com.siloam.RunnerFiles" time="0.310" errors="0" timestamp="2022-08-09T21:16:42 WIB" skipped="1">
  <testcase classname="com.siloam.RunnerFiles" name="runScenario" time="0.310">
    <skipped/>
  </testcase> <!-- runScenario -->
  <system-out/>
</testsuite> <!-- com.siloam.RunnerFiles -->
