<?xml version="1.0" encoding="UTF-8"?>
<!-- Generated by org.testng.reporters.JUnitReportReporter -->
<testsuite skipped="0" hostname="LAPTOP-BUM46IKV" name="com.siloam.RunnerFiles" tests="1" failures="0" timestamp="2022-08-03T15:01:07 ICT" time="7.609" errors="0">
  <testcase name="runScenario" time="7.609" classname="com.siloam.RunnerFiles"/>
  <system-out/>
</testsuite> <!-- com.siloam.RunnerFiles -->
