<?xml version="1.0" encoding="UTF-8"?>
<!-- Generated by org.testng.reporters.JUnitReportReporter -->
<<<<<<< HEAD
<testsuite hostname="ranto-HP-Laptop-14-cm0xxx" failures="0" tests="1" name="com.siloam.RunnerFiles" time="0.310" errors="0" timestamp="2022-08-09T21:16:42 WIB" skipped="1">
  <testcase classname="com.siloam.RunnerFiles" name="runScenario" time="0.310">
=======
<testsuite skipped="29" hostname="LAPTOP-BUM46IKV" name="com.siloam.RunnerFiles" tests="30" failures="0" timestamp="2022-08-08T00:34:47 ICT" time="4.759" errors="1">
  <testcase name="runScenario" time="4.534" classname="com.siloam.RunnerFiles">
    <error type="java.lang.NullPointerException">
      <![CDATA[java.lang.NullPointerException
at com.siloam.StepDefinitions.user_mengakses_url(StepDefinitions.java:26)
at âœ½.User mengakses url(file:///C:/Users/Ben/eclipse-workspace/SiloamTest/src/test/resources/features/AksesSite.feature:3)
]]>
    </error>
  </testcase> <!-- runScenario -->
  <system-out/>
  <testcase name="runScenario" time="0.006" classname="com.siloam.RunnerFiles">
    <skipped/>
  </testcase> <!-- runScenario -->
  <system-out/>
  <testcase name="runScenario" time="0.008" classname="com.siloam.RunnerFiles">
    <skipped/>
  </testcase> <!-- runScenario -->
  <system-out/>
  <testcase name="runScenario" time="0.005" classname="com.siloam.RunnerFiles">
    <skipped/>
  </testcase> <!-- runScenario -->
  <system-out/>
  <testcase name="runScenario" time="0.004" classname="com.siloam.RunnerFiles">
    <skipped/>
  </testcase> <!-- runScenario -->
  <system-out/>
  <testcase name="runScenario" time="0.010" classname="com.siloam.RunnerFiles">
    <skipped/>
  </testcase> <!-- runScenario -->
  <system-out/>
  <testcase name="runScenario" time="0.008" classname="com.siloam.RunnerFiles">
    <skipped/>
  </testcase> <!-- runScenario -->
  <system-out/>
  <testcase name="runScenario" time="0.003" classname="com.siloam.RunnerFiles">
    <skipped/>
  </testcase> <!-- runScenario -->
  <system-out/>
  <testcase name="runScenario" time="0.006" classname="com.siloam.RunnerFiles">
    <skipped/>
  </testcase> <!-- runScenario -->
  <system-out/>
  <testcase name="runScenario" time="0.003" classname="com.siloam.RunnerFiles">
    <skipped/>
  </testcase> <!-- runScenario -->
  <system-out/>
  <testcase name="runScenario" time="0.004" classname="com.siloam.RunnerFiles">
    <skipped/>
  </testcase> <!-- runScenario -->
  <system-out/>
  <testcase name="runScenario" time="0.004" classname="com.siloam.RunnerFiles">
    <skipped/>
  </testcase> <!-- runScenario -->
  <system-out/>
  <testcase name="runScenario" time="0.003" classname="com.siloam.RunnerFiles">
    <skipped/>
  </testcase> <!-- runScenario -->
  <system-out/>
  <testcase name="runScenario" time="0.008" classname="com.siloam.RunnerFiles">
    <skipped/>
  </testcase> <!-- runScenario -->
  <system-out/>
  <testcase name="runScenario" time="0.006" classname="com.siloam.RunnerFiles">
    <skipped/>
  </testcase> <!-- runScenario -->
  <system-out/>
  <testcase name="runScenario" time="0.009" classname="com.siloam.RunnerFiles">
    <skipped/>
  </testcase> <!-- runScenario -->
  <system-out/>
  <testcase name="runScenario" time="0.052" classname="com.siloam.RunnerFiles">
    <skipped/>
  </testcase> <!-- runScenario -->
  <system-out/>
  <testcase name="runScenario" time="0.008" classname="com.siloam.RunnerFiles">
    <skipped/>
  </testcase> <!-- runScenario -->
  <system-out/>
  <testcase name="runScenario" time="0.010" classname="com.siloam.RunnerFiles">
    <skipped/>
  </testcase> <!-- runScenario -->
  <system-out/>
  <testcase name="runScenario" time="0.005" classname="com.siloam.RunnerFiles">
    <skipped/>
  </testcase> <!-- runScenario -->
  <system-out/>
  <testcase name="runScenario" time="0.006" classname="com.siloam.RunnerFiles">
    <skipped/>
  </testcase> <!-- runScenario -->
  <system-out/>
  <testcase name="runScenario" time="0.004" classname="com.siloam.RunnerFiles">
    <skipped/>
  </testcase> <!-- runScenario -->
  <system-out/>
  <testcase name="runScenario" time="0.010" classname="com.siloam.RunnerFiles">
    <skipped/>
  </testcase> <!-- runScenario -->
  <system-out/>
  <testcase name="runScenario" time="0.005" classname="com.siloam.RunnerFiles">
    <skipped/>
  </testcase> <!-- runScenario -->
  <system-out/>
  <testcase name="runScenario" time="0.010" classname="com.siloam.RunnerFiles">
    <skipped/>
  </testcase> <!-- runScenario -->
  <system-out/>
  <testcase name="runScenario" time="0.004" classname="com.siloam.RunnerFiles">
    <skipped/>
  </testcase> <!-- runScenario -->
  <system-out/>
  <testcase name="runScenario" time="0.009" classname="com.siloam.RunnerFiles">
    <skipped/>
  </testcase> <!-- runScenario -->
  <system-out/>
  <testcase name="runScenario" time="0.006" classname="com.siloam.RunnerFiles">
    <skipped/>
  </testcase> <!-- runScenario -->
  <system-out/>
  <testcase name="runScenario" time="0.004" classname="com.siloam.RunnerFiles">
    <skipped/>
  </testcase> <!-- runScenario -->
  <system-out/>
  <testcase name="runScenario" time="0.005" classname="com.siloam.RunnerFiles">
>>>>>>> origin/master
    <skipped/>
  </testcase> <!-- runScenario -->
  <system-out/>
</testsuite> <!-- com.siloam.RunnerFiles -->
